
  .   ____          _            __ _ _
 /\\ / ___'_ __ _ _(_)_ __  __ _ \ \ \ \
( ( )\___ | '_ | '_| | '_ \/ _` | \ \ \ \
 \\/  ___)| |_)| | | | | || (_| |  ) ) ) )
  '  |____| .__|_| |_|_| |_\__, | / / / /
 =========|_|==============|___/=/_/_/_/
 :: Spring Boot ::        (v2.0.5.RELEASE)

[10:45:13] [INFO ] [c.z.d.DemoApplication] Starting DemoApplication v1.0 on vultr.guest with PID 4997 (/root/demo/target/demo-1.0.jar started by root in /root/demo)
[10:45:13] [INFO ] [c.z.d.DemoApplication] No active profile set, falling back to default profiles: default
[10:45:13] [INFO ] [o.s.b.w.s.c.AnnotationConfigServletWebServerApplicationContext] Refreshing org.springframework.boot.web.servlet.context.AnnotationConfigServletWebServerApplicationContext@18e8568: startup date [Sat Jun 01 10:45:13 UTC 2019]; root of context hierarchy
[10:45:18] [INFO ] [o.s.b.w.e.t.TomcatWebServer] Tomcat initialized with port(s): 80 (http)
[10:45:18] [INFO ] [o.a.c.h.Http11NioProtocol] Initializing ProtocolHandler ["http-nio-80"]
[10:45:18] [INFO ] [o.a.c.c.StandardService] Starting service [Tomcat]
[10:45:18] [INFO ] [o.a.c.c.StandardEngine] Starting Servlet Engine: Apache Tomcat/8.5.34
[10:45:18] [INFO ] [o.a.c.c.AprLifecycleListener] The APR based Apache Tomcat Native library which allows optimal performance in production environments was not found on the java.library.path: [/usr/java/packages/lib/amd64:/usr/lib64:/lib64:/lib:/usr/lib]
[10:45:18] [INFO ] [o.a.c.c.C.[.[.[/]] Initializing Spring embedded WebApplicationContext
[10:45:18] [INFO ] [o.s.w.c.ContextLoader] Root WebApplicationContext: initialization completed in 5074 ms
[10:45:18] [INFO ] [o.s.b.w.s.FilterRegistrationBean] Mapping filter: 'characterEncodingFilter' to: [/*]
[10:45:18] [INFO ] [o.s.b.w.s.FilterRegistrationBean] Mapping filter: 'hiddenHttpMethodFilter' to: [/*]
[10:45:18] [INFO ] [o.s.b.w.s.FilterRegistrationBean] Mapping filter: 'httpPutFormContentFilter' to: [/*]
[10:45:18] [INFO ] [o.s.b.w.s.FilterRegistrationBean] Mapping filter: 'requestContextFilter' to: [/*]
[10:45:18] [INFO ] [o.s.b.w.s.DelegatingFilterProxyRegistrationBean] Mapping filter: 'springSecurityFilterChain' to: [/*]
[10:45:18] [INFO ] [o.s.b.w.s.FilterRegistrationBean] Mapping filter: 'IpCountFilter' to urls: [/*]
[10:45:18] [INFO ] [o.s.b.w.s.ServletRegistrationBean] Servlet dispatcherServlet mapped to [/]
[10:45:20] [INFO ] [o.s.s.w.DefaultSecurityFilterChain] Creating filter chain: org.springframework.security.web.util.matcher.AnyRequestMatcher@1, [org.springframework.security.web.context.request.async.WebAsyncManagerIntegrationFilter@68999068, org.springframework.security.web.context.SecurityContextPersistenceFilter@7a69b07, org.springframework.security.web.header.HeaderWriterFilter@31d7b7bf, org.springframework.security.web.authentication.logout.LogoutFilter@1725dc0f, org.springframework.security.web.authentication.UsernamePasswordAuthenticationFilter@76508ed1, org.springframework.security.web.authentication.ui.DefaultLoginPageGeneratingFilter@31368b99, org.springframework.security.web.savedrequest.RequestCacheAwareFilter@3f197a46, org.springframework.security.web.servletapi.SecurityContextHolderAwareRequestFilter@1817d444, org.springframework.security.web.authentication.AnonymousAuthenticationFilter@7722c3c3, org.springframework.security.web.session.SessionManagementFilter@5c30a9b0, org.springframework.security.web.access.ExceptionTranslationFilter@1700915, org.springframework.security.web.access.intercept.FilterSecurityInterceptor@35ef1869]
[10:45:20] [INFO ] [o.s.w.s.h.SimpleUrlHandlerMapping] Mapped URL path [/**/favicon.ico] onto handler of type [class org.springframework.web.servlet.resource.ResourceHttpRequestHandler]
[10:45:21] [INFO ] [o.s.w.s.m.m.a.RequestMappingHandlerAdapter] Looking for @ControllerAdvice: org.springframework.boot.web.servlet.context.AnnotationConfigServletWebServerApplicationContext@18e8568: startup date [Sat Jun 01 10:45:13 UTC 2019]; root of context hierarchy
[10:45:21] [INFO ] [o.s.w.s.m.m.a.RequestMappingHandlerMapping] Mapped "{[/api/woeid],methods=[GET]}" onto public com.zjee.demo.controller.vo.CommonResponse com.zjee.demo.controller.WeatherApiController.getWoeid(java.lang.String)
[10:45:21] [INFO ] [o.s.w.s.m.m.a.RequestMappingHandlerMapping] Mapped "{[/api/weather],methods=[GET]}" onto public com.zjee.demo.controller.vo.CommonResponse com.zjee.demo.controller.WeatherApiController.getWeatherForecast(int)
[10:45:21] [INFO ] [o.s.w.s.m.m.a.RequestMappingHandlerMapping] Mapped "{[/download/**],methods=[GET]}" onto public java.lang.String com.zjee.demo.controller.HomeController.download(org.springframework.ui.Model,javax.servlet.http.HttpServletRequest)
[10:45:21] [INFO ] [o.s.w.s.m.m.a.RequestMappingHandlerMapping] Mapped "{[/startDownload],methods=[GET]}" onto public java.lang.Object com.zjee.demo.controller.HomeController.downloadFile(javax.servlet.http.HttpServletRequest)
[10:45:21] [INFO ] [o.s.w.s.m.m.a.RequestMappingHandlerMapping] Mapped "{[/jvm],methods=[GET]}" onto public com.zjee.demo.controller.vo.CommonResponse com.zjee.demo.controller.HomeController.JvmInfo()
[10:45:21] [INFO ] [o.s.w.s.m.m.a.RequestMappingHandlerMapping] Mapped "{[/server],methods=[GET]}" onto public com.zjee.demo.controller.vo.CommonResponse com.zjee.demo.controller.HomeController.serverInfo()
[10:45:21] [INFO ] [o.s.w.s.m.m.a.RequestMappingHandlerMapping] Mapped "{[/visitor || /visitor/{operation}],methods=[GET]}" onto public java.lang.String com.zjee.demo.controller.HomeController.showVisitor(java.lang.String,org.springframework.ui.Model)
[10:45:21] [INFO ] [o.s.w.s.m.m.a.RequestMappingHandlerMapping] Mapped "{[/],methods=[GET]}" onto public java.lang.String com.zjee.demo.controller.HomeController.home(org.springframework.ui.Model)
[10:45:21] [INFO ] [o.s.w.s.m.m.a.RequestMappingHandlerMapping] Mapped "{[/error],produces=[text/html]}" onto public org.springframework.web.servlet.ModelAndView org.springframework.boot.autoconfigure.web.servlet.error.BasicErrorController.errorHtml(javax.servlet.http.HttpServletRequest,javax.servlet.http.HttpServletResponse)
[10:45:21] [INFO ] [o.s.w.s.m.m.a.RequestMappingHandlerMapping] Mapped "{[/error]}" onto public org.springframework.http.ResponseEntity<java.util.Map<java.lang.String, java.lang.Object>> org.springframework.boot.autoconfigure.web.servlet.error.BasicErrorController.error(javax.servlet.http.HttpServletRequest)
[10:45:21] [INFO ] [o.s.w.s.h.SimpleUrlHandlerMapping] Mapped URL path [/webjars/**] onto handler of type [class org.springframework.web.servlet.resource.ResourceHttpRequestHandler]
[10:45:21] [INFO ] [o.s.w.s.h.SimpleUrlHandlerMapping] Mapped URL path [/**] onto handler of type [class org.springframework.web.servlet.resource.ResourceHttpRequestHandler]
[10:45:22] [INFO ] [o.s.j.e.a.AnnotationMBeanExporter] Registering beans for JMX exposure on startup
[10:45:22] [INFO ] [o.a.c.h.Http11NioProtocol] Starting ProtocolHandler ["http-nio-80"]
[10:45:22] [INFO ] [o.a.t.u.n.NioSelectorPool] Using a shared selector for servlet write/read
[10:45:22] [INFO ] [o.s.b.w.e.t.TomcatWebServer] Tomcat started on port(s): 80 (http) with context path ''
[10:45:22] [INFO ] [c.z.d.DemoApplication] Started DemoApplication in 12.633 seconds (JVM running for 13.901)
